<?xml version="1.0" encoding="UTF-8"?>
<!-- Generated by org.testng.reporters.JUnitXMLReporter -->
<testsuite ignored="2" hostname="DESKTOP-C28O1GT" failures="0" tests="1" name="Default test" time="5.192" errors="0" timestamp="09 Jan 2024 20:39:40 GMT">
  <testcase classname="com.tutorialsninja.qa.TestCases.SearchProductTest" name="verifySearchWithValidProduct" time="0.828"/>
  <testcase classname="com.tutorialsninja.qa.TestCases.SearchProductTest" name="verifySearchWithNoProduct" time="0.0">
    <ignored/>
  </testcase> <!-- verifySearchWithNoProduct -->
  <testcase classname="com.tutorialsninja.qa.TestCases.SearchProductTest" name="verifySearchWithInvalidProduct" time="0.0">
    <ignored/>
  </testcase> <!-- verifySearchWithInvalidProduct -->
</testsuite> <!-- Default test -->
