<?xml version="1.0" encoding="UTF-8"?>
<testsuite xmlns:xsi="http://www.w3.org/2001/XMLSchema-instance" xsi:noNamespaceSchemaLocation="https://maven.apache.org/surefire/maven-surefire-plugin/xsd/surefire-test-report.xsd" name="TestSuite" time="156.234" tests="22" errors="0" skipped="0" failures="0">
  <properties>
[...]
</properties>
  <testcase name="addValidProductToCart" classname="com.tutorialsninja.qa.TestCases.AddToCartTest" time="2.221"/>
  <testcase name="checkOutOfThePtoduct" classname="com.tutorialsninja.qa.TestCases.CheckOutTest" time="10.959"/>
  <testcase name="verifyLoginWithValidCredintials" classname="com.tutorialsninja.qa.TestCases.LoginTest" time="1.173"/>
  <testcase name="verifyLoginWithValidCredintials" classname="com.tutorialsninja.qa.TestCases.LoginTest" time="1.255"/>
  <testcase name="verifyLoginWithValidCredintials" classname="com.tutorialsninja.qa.TestCases.LoginTest" time="1.046"/>
  <testcase name="verifyLoginWithValidCredintials" classname="com.tutorialsninja.qa.TestCases.LoginTest" time="1.133"/>
  <testcase name="verifyLoginWithValidCredintials" classname="com.tutorialsninja.qa.TestCases.LoginTest" time="1.097"/>
  <testcase name="verifyLoginWithValidCredintials" classname="com.tutorialsninja.qa.TestCases.LoginTest" time="1.136"/>
  <testcase name="verifyLoginWithValidCredintials" classname="com.tutorialsninja.qa.TestCases.LoginTest" time="1.09"/>
  <testcase name="verifyLoginWithValidCredintials" classname="com.tutorialsninja.qa.TestCases.LoginTest" time="1.074"/>
  <testcase name="verifyLoginWithInvalidEmailValidPassword" classname="com.tutorialsninja.qa.TestCases.LoginTest" time="0.948"/>
  <testcase name="verifyLoginWithValidEmailInvalidPassword" classname="com.tutorialsninja.qa.TestCases.LoginTest" time="0.822"/>
  <testcase name="verifyLoginWithInvalidCredentials" classname="com.tutorialsninja.qa.TestCases.LoginTest" time="0.98"/>
  <testcase name="verifyLoginWithNoCredentials" classname="com.tutorialsninja.qa.TestCases.LoginTest" time="0.611"/>
  <testcase name="verifyRegisterWithMandatoryFields" classname="com.tutorialsninja.qa.TestCases.RegisterTest" time="1.507"/>
  <testcase name="verifyRegisterWithAllFields" classname="com.tutorialsninja.qa.TestCases.RegisterTest" time="1.846"/>
  <testcase name="verifyRegisterWithExistingEmail" classname="com.tutorialsninja.qa.TestCases.RegisterTest" time="1.385"/>
  <testcase name="verifyRegisterWithMismatchPassword" classname="com.tutorialsninja.qa.TestCases.RegisterTest" time="1.234"/>
  <testcase name="verifyRegisterWithNofields" classname="com.tutorialsninja.qa.TestCases.RegisterTest" time="0.634"/>
  <testcase name="verifySearchWithValidProduct" classname="com.tutorialsninja.qa.TestCases.SearchProductTest" time="0.958"/>
  <testcase name="verifySearchWithInvalidProduct" classname="com.tutorialsninja.qa.TestCases.SearchProductTest" time="0.893"/>
  <testcase name="verifySearchWithNoProduct" classname="com.tutorialsninja.qa.TestCases.SearchProductTest" time="1.01"/>
</testsuite>