<?xml version="1.0" encoding="UTF-8"?>
<testng-results ignored="2" total="3" passed="1" failed="0" skipped="0">
  <reporter-output>
  </reporter-output>
  <suite started-at="2024-01-09T20:39:34Z" name="Default suite" finished-at="2024-01-09T20:39:40Z" duration-ms="5192">
    <groups>
    </groups>
    <test started-at="2024-01-09T20:39:34Z" name="Default test" finished-at="2024-01-09T20:39:40Z" duration-ms="5192">
      <class name="com.tutorialsninja.qa.TestCases.SearchProductTest">
        <test-method is-config="true" signature="setup()[pri:0, instance:com.tutorialsninja.qa.TestCases.SearchProductTest@4201c465]" started-at="2024-01-09T12:39:34Z" name="setup" finished-at="2024-01-09T12:39:38Z" duration-ms="4037" status="PASS">
          <reporter-output>
          </reporter-output>
        </test-method> <!-- setup -->
        <test-method signature="verifySearchWithValidProduct()[pri:1, instance:com.tutorialsninja.qa.TestCases.SearchProductTest@4201c465]" started-at="2024-01-09T12:39:38Z" name="verifySearchWithValidProduct" finished-at="2024-01-09T12:39:39Z" duration-ms="828" status="PASS">
          <reporter-output>
          </reporter-output>
        </test-method> <!-- verifySearchWithValidProduct -->
        <test-method is-config="true" signature="teraDown()[pri:0, instance:com.tutorialsninja.qa.TestCases.SearchProductTest@4201c465]" started-at="2024-01-09T12:39:39Z" name="teraDown" finished-at="2024-01-09T12:39:40Z" duration-ms="297" status="PASS">
          <reporter-output>
          </reporter-output>
        </test-method> <!-- teraDown -->
      </class> <!-- com.tutorialsninja.qa.TestCases.SearchProductTest -->
    </test> <!-- Default test -->
  </suite> <!-- Default suite -->
</testng-results>
